<?xml version="1.0" encoding="UTF-8"?>
<!-- Generated by org.testng.reporters.JUnitReportReporter -->
<testsuite hostname="DESKTOP-G846DJ5" failures="0" tests="3" name="com.test.PetApi" time="1.258" errors="0" timestamp="2024-05-03T15:04:24 EDT" skipped="0">
  <testcase classname="com.test.PetApi" name="PostUSerCreation" time="0.958"/>
  <testcase classname="com.test.PetApi" name="PostGetData" time="0.239"/>
  <testcase classname="com.test.PetApi" name="PostDelete" time="0.061"/>
</testsuite> <!-- com.test.PetApi -->
